#
# There is insufficient memory for the Java Runtime Environment to continue.
# Native memory allocation (mmap) failed to map 266338304 bytes for Failed to commit area from 0x0000000702000000 to 0x0000000711e00000 of length 266338304.
# Possible reasons:
#   The system is out of physical RAM or swap space
#   The process is running with CompressedOops enabled, and the Java Heap may be blocking the growth of the native heap
# Possible solutions:
#   Reduce memory load on the system
#   Increase physical memory or swap space
#   Check if swap backing store is full
#   Decrease Java heap size (-Xmx/-Xms)
#   Decrease number of Java threads
#   Decrease Java thread stack sizes (-Xss)
#   Set larger code cache with -XX:ReservedCodeCacheSize=
# This output file may be truncated or incomplete.
#
#  Out of Memory Error (src/hotspot/os/windows/os_windows.cpp:3627), pid=19396, tid=1340
#
# JRE version:  (11.0.15) (build )
# Java VM: OpenJDK 64-Bit Server VM (11.0.15+0-b2043.56-9505619, mixed mode, sharing, tiered, compressed oops, g1 gc, windows-amd64)
# No core dump will be written. Minidumps are not enabled by default on client versions of Windows
#

---------------  S U M M A R Y ------------

Command Line: git4idea.http.GitAskPassApp Username for 'https://github.com': 

Host: Intel(R) Core(TM) i5-10400F CPU @ 2.90GHz, 12 cores, 15G,  Windows 10 , 64 bit Build 19041 (10.0.19041.2788)
Time: Mon Apr 24 18:10:53 2023 SE Asia Standard Time elapsed time: 0.007431 seconds (0d 0h 0m 0s)

---------------  T H R E A D  ---------------

Current thread (0x00000251c4912000):  JavaThread "Unknown thread" [_thread_in_vm, id=1340, stack(0x000000b214b00000,0x000000b214c00000)]

Stack: [0x000000b214b00000,0x000000b214c00000]
Native frames: (J=compiled Java code, j=interpreted, Vv=VM code, C=native code)
V  [jvm.dll+0x64135a]
V  [jvm.dll+0x7d39f9]
V  [jvm.dll+0x7d51b9]
V  [jvm.dll+0x7d58a3]
V  [jvm.dll+0x2691c5]
V  [jvm.dll+0x63e4e9]
V  [jvm.dll+0x632985]
V  [jvm.dll+0x3231ac]
V  [jvm.dll+0x323032]
V  [jvm.dll+0x327c06]
V  [jvm.dll+0x36ffa2]
V  [jvm.dll+0x36fa01]
V  [jvm.dll+0x2fea28]
V  [jvm.dll+0x2ffb25]
V  [jvm.dll+0x7accd7]
V  [jvm.dll+0x7ae49f]
V  [jvm.dll+0x37d299]
V  [jvm.dll+0x78ef9f]
V  [jvm.dll+0x3ec847]
V  [jvm.dll+0x3eed31]
C  [jli.dll+0x52cb]
C  [ucrtbase.dll+0x21bb2]
C  [KERNEL32.DLL+0x17604]
C  [ntdll.dll+0x526a1]


---------------  P R O C E S S  ---------------

Threads class SMR info:
_java_thread_list=0x00000251c2761de0, length=0, elements={
}

Java Threads: ( => current thread )

Other Threads:
  0x00000251c492c000 GCTaskThread "GC Thread#0" [stack: 0x000000b214c00000,0x000000b214d00000] [id=9576]
  0x00000251c498a000 ConcurrentGCThread "G1 Main Marker" [stack: 0x000000b214d00000,0x000000b214e00000] [id=17552]
  0x00000251c498b800 ConcurrentGCThread "G1 Conc#0" [stack: 0x000000b214e00000,0x000000b214f00000] [id=5236]

[error occurred during error reporting (printing all threads), id 0xc0000005, EXCEPTION_ACCESS_VIOLATION (0xc0000005) at pc=0x00007ffd4155f3e7]

VM state:not at safepoint (not fully initialized)

VM Mutex/Monitor currently owned by a thread:  ([mutex/lock_event])
[0x00000251c490f570] Heap_lock - owner thread: 0x00000251c4912000

Heap address: 0x0000000702000000, size: 4064 MB, Compressed Oops mode: Non-zero based: 0x0000000702000000
Narrow klass base: 0x0000000000000000, Narrow klass shift: 0

GC Heap History (0 events):
No events

Deoptimization events (0 events):
No events

Classes redefined (0 events):
No events

Internal exceptions (0 events):
No events

Events (1 events):
Event: 0.004 Loaded shared library C:\Program Files\Android\Android Studio\jbr\bin\zip.dll


Dynamic libraries:
0x00007ff6306e0000 - 0x00007ff6306ea000 	C:\Program Files\Android\Android Studio\jbr\bin\java.exe
0x00007ffd971f0000 - 0x00007ffd973e8000 	C:\WINDOWS\SYSTEM32\ntdll.dll
0x00007ffd96240000 - 0x00007ffd962ff000 	C:\WINDOWS\System32\KERNEL32.DLL
0x00007ffd94b70000 - 0x00007ffd94e4a000 	C:\WINDOWS\System32\KERNELBASE.dll
0x00007ffd94a40000 - 0x00007ffd94b40000 	C:\WINDOWS\System32\ucrtbase.dll
0x00007ffd7e050000 - 0x00007ffd7e067000 	C:\Program Files\Android\Android Studio\jbr\bin\jli.dll
0x00007ffd82440000 - 0x00007ffd8245b000 	C:\Program Files\Android\Android Studio\jbr\bin\VCRUNTIME140.dll
0x00007ffd95400000 - 0x00007ffd9559d000 	C:\WINDOWS\System32\USER32.dll
0x00007ffd94a10000 - 0x00007ffd94a32000 	C:\WINDOWS\System32\win32u.dll
0x00007ffd83910000 - 0x00007ffd83baa000 	C:\WINDOWS\WinSxS\amd64_microsoft.windows.common-controls_6595b64144ccf1df_6.0.19041.1110_none_60b5254171f9507e\COMCTL32.dll
0x00007ffd95af0000 - 0x00007ffd95b1b000 	C:\WINDOWS\System32\GDI32.dll
0x00007ffd95300000 - 0x00007ffd9539e000 	C:\WINDOWS\System32\msvcrt.dll
0x00007ffd94e50000 - 0x00007ffd94f60000 	C:\WINDOWS\System32\gdi32full.dll
0x00007ffd94970000 - 0x00007ffd94a0d000 	C:\WINDOWS\System32\msvcp_win.dll
0x00007ffd95ff0000 - 0x00007ffd96020000 	C:\WINDOWS\System32\IMM32.DLL
0x00007ffd8aa10000 - 0x00007ffd8aa1c000 	C:\Program Files\Android\Android Studio\jbr\bin\vcruntime140_1.dll
0x00007ffd60070000 - 0x00007ffd600fd000 	C:\Program Files\Android\Android Studio\jbr\bin\msvcp140.dll
0x00007ffd41250000 - 0x00007ffd41e0c000 	C:\Program Files\Android\Android Studio\jbr\bin\server\jvm.dll
0x00007ffd96300000 - 0x00007ffd963ae000 	C:\WINDOWS\System32\ADVAPI32.dll
0x00007ffd96180000 - 0x00007ffd9621c000 	C:\WINDOWS\System32\sechost.dll
0x00007ffd97080000 - 0x00007ffd971a6000 	C:\WINDOWS\System32\RPCRT4.dll
0x00007ffd963b0000 - 0x00007ffd963b8000 	C:\WINDOWS\System32\PSAPI.DLL
0x00007ffd7faa0000 - 0x00007ffd7faa9000 	C:\WINDOWS\SYSTEM32\WSOCK32.dll
0x00007ffd8ccd0000 - 0x00007ffd8ccf7000 	C:\WINDOWS\SYSTEM32\WINMM.dll
0x00007ffd96110000 - 0x00007ffd9617b000 	C:\WINDOWS\System32\WS2_32.dll
0x00007ffd8e840000 - 0x00007ffd8e84a000 	C:\WINDOWS\SYSTEM32\VERSION.dll
0x00007ffd927e0000 - 0x00007ffd927f2000 	C:\WINDOWS\SYSTEM32\kernel.appcore.dll
0x00007ffd90590000 - 0x00007ffd905a0000 	C:\Program Files\Android\Android Studio\jbr\bin\verify.dll
0x00007ffd85bb0000 - 0x00007ffd85d94000 	C:\WINDOWS\SYSTEM32\DBGHELP.DLL
0x00007ffd7d9c0000 - 0x00007ffd7d9f4000 	C:\WINDOWS\SYSTEM32\dbgcore.DLL
0x00007ffd94f60000 - 0x00007ffd94fe2000 	C:\WINDOWS\System32\bcryptPrimitives.dll
0x00007ffd8af30000 - 0x00007ffd8af58000 	C:\Program Files\Android\Android Studio\jbr\bin\java.dll
0x00007ffd90490000 - 0x00007ffd9049a000 	C:\Program Files\Android\Android Studio\jbr\bin\jimage.dll
0x00007ffd8a160000 - 0x00007ffd8a178000 	C:\Program Files\Android\Android Studio\jbr\bin\zip.dll

dbghelp: loaded successfully - version: 4.0.5 - missing functions: none
symbol engine: initialized successfully - sym options: 0x614 - pdb path: .;C:\Program Files\Android\Android Studio\jbr\bin;C:\WINDOWS\SYSTEM32;C:\WINDOWS\WinSxS\amd64_microsoft.windows.common-controls_6595b64144ccf1df_6.0.19041.1110_none_60b5254171f9507e;C:\Program Files\Android\Android Studio\jbr\bin\server

VM Arguments:
java_command: git4idea.http.GitAskPassApp Username for 'https://github.com': 
java_class_path (initial): C:/Program Files/Android/Android Studio/plugins/git4idea/lib/git4idea-rt.jar;C:/Program Files/Android/Android Studio/lib/externalProcess-rt.jar;C:/Program Files/Android/Android Studio/lib/app.jar;C:/Program Files/Android/Android Studio/lib/3rd-party-rt.jar
Launcher Type: SUN_STANDARD

[Global flags]
     intx CICompilerCount                          = 4                                         {product} {ergonomic}
     uint ConcGCThreads                            = 3                                         {product} {ergonomic}
     uint G1ConcRefinementThreads                  = 10                                        {product} {ergonomic}
   size_t G1HeapRegionSize                         = 1048576                                   {product} {ergonomic}
    uintx GCDrainStackTargetSize                   = 64                                        {product} {ergonomic}
   size_t InitialHeapSize                          = 266338304                                 {product} {ergonomic}
   size_t MarkStackSize                            = 4194304                                   {product} {ergonomic}
   size_t MaxHeapSize                              = 4261412864                                {product} {ergonomic}
   size_t MinHeapDeltaBytes                        = 1048576                                   {product} {ergonomic}
    uintx NonNMethodCodeHeapSize                   = 5836300                                {pd product} {ergonomic}
    uintx NonProfiledCodeHeapSize                  = 122910970                              {pd product} {ergonomic}
    uintx ProfiledCodeHeapSize                     = 122910970                              {pd product} {ergonomic}
    uintx ReservedCodeCacheSize                    = 251658240                              {pd product} {ergonomic}
     bool SegmentedCodeCache                       = true                                      {product} {ergonomic}
     bool UseCompressedClassPointers               = true                                 {lp64_product} {ergonomic}
     bool UseCompressedOops                        = true                                 {lp64_product} {ergonomic}
     bool UseG1GC                                  = true                                      {product} {ergonomic}
     bool UseLargePagesIndividualAllocation        = false                                  {pd product} {ergonomic}

Logging:
Log output configuration:
 #0: stdout all=warning uptime,level,tags
 #1: stderr all=off uptime,level,tags

Environment Variables:
PATH=C:\Program Files\Git\mingw64\libexec\git-core;C:\Program Files\Git\mingw64\libexec\git-core;C:\Program Files\Git\mingw64\bin;C:\Program Files\Git\usr\bin;C:\Users\Nham Ngo\bin;E:\app\oracle\product\19c\db_home1\bin;C:\Program Files\Microsoft\jdk-11.0.12.7-hotspot\bin;C:\WINDOWS\system32;C:\WINDOWS;C:\WINDOWS\System32\Wbem;C:\WINDOWS\System32\WindowsPowerShell\v1.0;C:\WINDOWS\System32\OpenSSH;C:\Program Files\Microsoft SQL Server\150\Tools\Binn;C:\Program Files\Microsoft SQL Server\Client SDK\ODBC\170\Tools\Binn;C:\Program Files\dotnet;C:\Program Files\Cloudflare\Cloudflare WARP;C:\Program Files\Git\cmd;C:\Program Files (x86)\Microsoft SQL Server\160\Tools\Binn;C:\Program Files\Microsoft SQL Server\160\Tools\Binn;C:\Program Files\Microsoft SQL Server\160\DTS\Binn;C:\Program Files (x86)\Microsoft SQL Server\160\DTS\Binn;C:\Program Files\Azure Data Studio\bin;C:\Users\Nham Ngo\AppData\Local\Microsoft\WindowsApps;C:\Users\Nham Ngo\AppData\Local\Programs\Microsoft VS Code\bin;C:\Users\Nham Ngo\.dotnet\tools;C:\Program Files\Azure Data Studio\bin
USERNAME=Nham Ngo
DISPLAY=:0.0
LC_ALL=en_US.UTF-8
OS=Windows_NT
PROCESSOR_IDENTIFIER=Intel64 Family 6 Model 165 Stepping 3, GenuineIntel



---------------  S Y S T E M  ---------------

OS: Windows 10 , 64 bit Build 19041 (10.0.19041.2788)
OS uptime: 6 days 8:39 hours

CPU:total 12 (initial active 12) (6 cores per cpu, 2 threads per core) family 6 model 165 stepping 3 microcode 0xea, cmov, cx8, fxsr, mmx, sse, sse2, sse3, ssse3, sse4.1, sse4.2, popcnt, avx, avx2, aes, clmul, erms, 3dnowpref, lzcnt, ht, tsc, tscinvbit, bmi1, bmi2, adx, fma

Memory: 4k page, system-wide physical 16253M (1523M free)
TotalPageFile size 29013M (AvailPageFile size 39M)
current process WorkingSet (physical memory assigned to process): 10M, peak: 10M
current process commit charge ("private bytes"): 64M, peak: 318M

vm_info: OpenJDK 64-Bit Server VM (11.0.15+0-b2043.56-9505619) for windows-amd64 JRE (11.0.15+0-b2043.56-9505619), built on Jan 19 2023 02:48:00 by "builduser" with unknown MS VC++:1929

END.
